<?xml version="1.0" encoding="UTF-8"?>
<!-- Generated by org.testng.reporters.JUnitReportReporter -->
<testsuite hostname="LAPTOP-9D3A0BRB" failures="0" tests="1" name="restassured.GetMethod" time="2.019" errors="0" timestamp="2024-04-27T12:38:58 IST" skipped="0">
  <testcase classname="restassured.GetMethod" name="get" time="2.019"/>
  <system-out/>
</testsuite> <!-- restassured.GetMethod -->
